<?xml version="1.0" encoding="UTF-8"?>
<testsuite xmlns:xsi="http://www.w3.org/2001/XMLSchema-instance" xsi:noNamespaceSchemaLocation="https://maven.apache.org/surefire/maven-surefire-plugin/xsd/surefire-test-report.xsd" name="ComplexMatrixTest" time="0.01" tests="7" errors="0" skipped="0" failures="0">
  <properties>
[...]
</properties>
  <testcase name="adjoint" classname="ComplexMatrixTest" time="0.001"/>
  <testcase name="isHermitian" classname="ComplexMatrixTest" time="0.001"/>
  <testcase name="conjugate" classname="ComplexMatrixTest" time="0.001"/>
  <testcase name="isVector" classname="ComplexMatrixTest" time="0"/>
  <testcase name="norm" classname="ComplexMatrixTest" time="0.001"/>
  <testcase name="transpose" classname="ComplexMatrixTest" time="0.001"/>
  <testcase name="inverse" classname="ComplexMatrixTest" time="0.001"/>
</testsuite>